app/build/outputs/logs/manifest-merger-debug-report.txt
-- Merging decision tree log ---
manifest
ADDED from src/main/AndroidManifest.xml:2:1-62:12
	xmlns:android
		ADDED from src/main/AndroidManifest.xml:2:11-69
	package
		ADDED from src/main/AndroidManifest.xml:3:5-51
		INJECTED from src/main/AndroidManifest.xml
		INJECTED from src/main/AndroidManifest.xml
	android:versionName
		ADDED from src/main/AndroidManifest.xml:5:5-33
		INJECTED from src/main/AndroidManifest.xml
		INJECTED from src/main/AndroidManifest.xml
	android:versionCode
		ADDED from src/main/AndroidManifest.xml:4:5-29
		INJECTED from src/main/AndroidManifest.xml
		INJECTED from src/main/AndroidManifest.xml
uses-sdk
ADDED from src/main/AndroidManifest.xml:7:5-9:41
MERGED from [com.android.support:appcompat-v7:19.1.0] AndroidManifest.xml:18:5-42
	android:targetSdkVersion
		ADDED from src/main/AndroidManifest.xml:9:9-38
		INJECTED from src/main/AndroidManifest.xml
		INJECTED from src/main/AndroidManifest.xml
	android:minSdkVersion
		ADDED from src/main/AndroidManifest.xml:8:9-34
		INJECTED from src/main/AndroidManifest.xml
		INJECTED from src/main/AndroidManifest.xml
uses-permission#android.permission.INTERNET
ADDED from src/main/AndroidManifest.xml:10:5-67
	android:name
		ADDED from src/main/AndroidManifest.xml:10:22-64
uses-permission#android.permission.BLUETOOTH
ADDED from src/main/AndroidManifest.xml:11:3-66
	android:name
		ADDED from src/main/AndroidManifest.xml:11:20-63
uses-permission#android.permission.BLUETOOTH_ADMIN
ADDED from src/main/AndroidManifest.xml:12:5-74
	android:name
		ADDED from src/main/AndroidManifest.xml:12:22-71
uses-permission#android.permission.VIBRATE
ADDED from src/main/AndroidManifest.xml:13:5-66
	android:name
		ADDED from src/main/AndroidManifest.xml:13:22-63
uses-permission#android.permission.RECEIVE_BOOT_COMPLETED
ADDED from src/main/AndroidManifest.xml:14:5-80
	android:name
		ADDED from src/main/AndroidManifest.xml:14:22-78
uses-permission#android.permission.WRITE_EXTERNAL_STORAGE
ADDED from src/main/AndroidManifest.xml:15:5-81
	android:name
		ADDED from src/main/AndroidManifest.xml:15:22-78
uses-permission#android.permission.ACCESS_NETWORK_STATE
ADDED from src/main/AndroidManifest.xml:16:5-79
	android:name
		ADDED from src/main/AndroidManifest.xml:16:22-76
application
ADDED from src/main/AndroidManifest.xml:19:5-60:19
MERGED from [com.android.support:appcompat-v7:19.1.0] AndroidManifest.xml:19:5-20
	android:label
		ADDED from src/main/AndroidManifest.xml:23:9-41
	android:allowBackup
		ADDED from src/main/AndroidManifest.xml:21:9-35
	android:icon
		ADDED from src/main/AndroidManifest.xml:22:9-53
	android:theme
		ADDED from src/main/AndroidManifest.xml:24:9-40
	android:name
		ADDED from src/main/AndroidManifest.xml:20:9-91
activity#de.kochon.enrico.secrettalkmessenger.activities.MainActivity
ADDED from src/main/AndroidManifest.xml:25:9-33:20
	android:label
		ADDED from src/main/AndroidManifest.xml:27:13-45
	android:name
		ADDED from src/main/AndroidManifest.xml:26:13-88
intent-filter#android.intent.action.MAIN+android.intent.category.LAUNCHER
ADDED from src/main/AndroidManifest.xml:28:13-32:29
action#android.intent.action.MAIN
ADDED from src/main/AndroidManifest.xml:29:17-69
	android:name
		ADDED from src/main/AndroidManifest.xml:29:25-66
category#android.intent.category.LAUNCHER
ADDED from src/main/AndroidManifest.xml:31:17-77
	android:name
		ADDED from src/main/AndroidManifest.xml:31:27-74
activity#de.kochon.enrico.secrettalkmessenger.activities.WelcomeActivity
ADDED from src/main/AndroidManifest.xml:34:9-146
	android:label
		ADDED from src/main/AndroidManifest.xml:34:98-144
	android:name
		ADDED from src/main/AndroidManifest.xml:34:19-97
activity#de.kochon.enrico.secrettalkmessenger.activities.ConversationListActivity
ADDED from src/main/AndroidManifest.xml:35:9-153
	android:label
		ADDED from src/main/AndroidManifest.xml:35:107-151
	android:name
		ADDED from src/main/AndroidManifest.xml:35:19-106
activity#de.kochon.enrico.secrettalkmessenger.activities.CreateNewConversationActivity
ADDED from src/main/AndroidManifest.xml:36:9-174
	android:label
		ADDED from src/main/AndroidManifest.xml:36:112-172
	android:name
		ADDED from src/main/AndroidManifest.xml:36:19-111
activity#de.kochon.enrico.secrettalkmessenger.activities.ChannelListActivity
ADDED from src/main/AndroidManifest.xml:37:9-151
	android:label
		ADDED from src/main/AndroidManifest.xml:37:102-149
	android:name
		ADDED from src/main/AndroidManifest.xml:37:19-101
activity#de.kochon.enrico.secrettalkmessenger.activities.EditChannelActivity
ADDED from src/main/AndroidManifest.xml:38:9-154
	android:label
		ADDED from src/main/AndroidManifest.xml:38:102-152
	android:name
		ADDED from src/main/AndroidManifest.xml:38:19-101
activity#de.kochon.enrico.secrettalkmessenger.activities.SettingsActivity
ADDED from src/main/AndroidManifest.xml:39:9-203
	android:windowSoftInputMode
		ADDED from src/main/AndroidManifest.xml:39:99-153
	android:label
		ADDED from src/main/AndroidManifest.xml:39:154-201
	android:name
		ADDED from src/main/AndroidManifest.xml:39:19-98
activity#de.kochon.enrico.secrettalkmessenger.activities.ChatActivity
ADDED from src/main/AndroidManifest.xml:40:9-42:54
	android:windowSoftInputMode
		ADDED from src/main/AndroidManifest.xml:41:10-64
	android:label
		ADDED from src/main/AndroidManifest.xml:42:9-52
	android:name
		ADDED from src/main/AndroidManifest.xml:40:19-94
activity#de.kochon.enrico.secrettalkmessenger.activities.KeyListActivity
ADDED from src/main/AndroidManifest.xml:43:9-143
	android:label
		ADDED from src/main/AndroidManifest.xml:43:98-141
	android:name
		ADDED from src/main/AndroidManifest.xml:43:19-97
activity#de.kochon.enrico.secrettalkmessenger.activities.ShowKeyActivity
ADDED from src/main/AndroidManifest.xml:44:9-146
	android:label
		ADDED from src/main/AndroidManifest.xml:44:98-144
	android:name
		ADDED from src/main/AndroidManifest.xml:44:19-97
activity#de.kochon.enrico.secrettalkmessenger.activities.AddKeysActivity
ADDED from src/main/AndroidManifest.xml:45:9-146
	android:label
		ADDED from src/main/AndroidManifest.xml:45:98-144
	android:name
		ADDED from src/main/AndroidManifest.xml:45:19-97
activity#de.kochon.enrico.secrettalkmessenger.activities.SendSingleKeyByBluetoothActivity
ADDED from src/main/AndroidManifest.xml:46:9-180
	android:label
		ADDED from src/main/AndroidManifest.xml:46:115-178
	android:name
		ADDED from src/main/AndroidManifest.xml:46:19-114
activity#de.kochon.enrico.secrettalkmessenger.activities.ReceiveKeyByBluetoothActivity
ADDED from src/main/AndroidManifest.xml:47:9-174
	android:label
		ADDED from src/main/AndroidManifest.xml:47:112-172
	android:name
		ADDED from src/main/AndroidManifest.xml:47:19-111
activity#de.kochon.enrico.secrettalkmessenger.activities.SendKeyBatchByBluetoothActivity
ADDED from src/main/AndroidManifest.xml:48:9-178
	android:label
		ADDED from src/main/AndroidManifest.xml:48:114-176
	android:name
		ADDED from src/main/AndroidManifest.xml:48:19-113
activity#de.kochon.enrico.secrettalkmessenger.activities.RenameActivity
ADDED from src/main/AndroidManifest.xml:49:9-144
	android:label
		ADDED from src/main/AndroidManifest.xml:49:97-142
	android:name
		ADDED from src/main/AndroidManifest.xml:49:19-96
service#de.kochon.enrico.secrettalkmessenger.service.CheckNewMessages
ADDED from src/main/AndroidManifest.xml:50:9-52:51
	android:label
		ADDED from src/main/AndroidManifest.xml:52:13-49
	android:name
		ADDED from src/main/AndroidManifest.xml:51:13-89
receiver#de.kochon.enrico.secrettalkmessenger.service.KeepAliveCheck
ADDED from src/main/AndroidManifest.xml:53:9-121
	android:exported
		ADDED from src/main/AndroidManifest.xml:53:94-118
	android:name
		ADDED from src/main/AndroidManifest.xml:53:19-93
receiver#de.kochon.enrico.secrettalkmessenger.service.PeriodicMessageCheck
ADDED from src/main/AndroidManifest.xml:54:9-127
	android:exported
		ADDED from src/main/AndroidManifest.xml:54:100-124
	android:name
		ADDED from src/main/AndroidManifest.xml:54:19-99
receiver#de.kochon.enrico.secrettalkmessenger.service.AutoStartMessageChecker
ADDED from src/main/AndroidManifest.xml:55:9-59:14
	android:name
		ADDED from src/main/AndroidManifest.xml:55:19-102
intent-filter#android.intent.action.BOOT_COMPLETED
ADDED from src/main/AndroidManifest.xml:56:7-58:23
action#android.intent.action.BOOT_COMPLETED
ADDED from src/main/AndroidManifest.xml:57:11-80
	android:name
		ADDED from src/main/AndroidManifest.xml:57:19-70